<?xml version="1.0" encoding="UTF-8"?>
<!-- Generated by org.testng.reporters.JUnitXMLReporter -->
<testsuite ignored="1" hostname="QSP" failures="0" tests="3" name="Default test" time="0.122" errors="0" timestamp="2022-04-12T07:16:29 IST">
  <testcase classname="testng.Test2" name="chats" time="0.026"/>
  <testcase classname="testng.Test2" name="chats" time="0.011"/>
  <testcase classname="testng.Test2" name="chats" time="0.01"/>
  <testcase classname="testng.Test2" name="calls" time="0.0">
    <ignored/>
  </testcase> <!-- calls -->
</testsuite> <!-- Default test -->
