<?xml version="1.0" encoding="UTF-8"?>
<testng-results ignored="1" total="4" passed="3" failed="0" skipped="0">
  <reporter-output>
    <line>
      <![CDATA[chats]]>
    </line>
    <line>
      <![CDATA[chats]]>
    </line>
    <line>
      <![CDATA[chats]]>
    </line>
  </reporter-output>
  <suite started-at="2022-04-12T07:16:28 IST" name="Default suite" finished-at="2022-04-12T07:16:28 IST" duration-ms="122">
    <groups>
    </groups>
    <test started-at="2022-04-12T07:16:28 IST" name="Default test" finished-at="2022-04-12T07:16:28 IST" duration-ms="122">
      <class name="testng.Test2">
        <test-method signature="chats()[pri:-1, instance:testng.Test2@5f8edcc5]" started-at="2022-04-12T07:16:28 IST" name="chats" finished-at="2022-04-12T07:16:28 IST" duration-ms="26" status="PASS">
          <reporter-output>
            <line>
              <![CDATA[chats]]>
            </line>
          </reporter-output>
        </test-method> <!-- chats -->
        <test-method signature="chats()[pri:-1, instance:testng.Test2@5f8edcc5]" started-at="2022-04-12T07:16:28 IST" name="chats" finished-at="2022-04-12T07:16:28 IST" duration-ms="11" status="PASS">
          <reporter-output>
            <line>
              <![CDATA[chats]]>
            </line>
          </reporter-output>
        </test-method> <!-- chats -->
        <test-method signature="chats()[pri:-1, instance:testng.Test2@5f8edcc5]" started-at="2022-04-12T07:16:28 IST" name="chats" finished-at="2022-04-12T07:16:28 IST" duration-ms="10" status="PASS">
          <reporter-output>
            <line>
              <![CDATA[chats]]>
            </line>
          </reporter-output>
        </test-method> <!-- chats -->
      </class> <!-- testng.Test2 -->
    </test> <!-- Default test -->
  </suite> <!-- Default suite -->
</testng-results>
