<?xml version="1.0" encoding="UTF-8"?>
<testng-results ignored="0" total="1" passed="1" failed="0" skipped="0">
  <reporter-output>
    <line>
      <![CDATA[Facebook – log in or sign up]]>
    </line>
    <line>
      <![CDATA[https://www.facebook.com/login/?privacy_mutation_token=eyJ0eXBlIjowLCJjcmVhdGlvbl90aW1lIjoxNjQ5ODE1MTc5LCJjYWxsc2l0ZV9pZCI6MzgxMjI5MDc5NTc1OTQ2fQ%3D%3D]]>
    </line>
  </reporter-output>
  <suite started-at="2022-04-13T07:29:30 IST" name="Default suite" finished-at="2022-04-13T07:29:46 IST" duration-ms="16266">
    <groups>
    </groups>
    <test started-at="2022-04-13T07:29:30 IST" name="Default test" finished-at="2022-04-13T07:29:46 IST" duration-ms="16266">
      <class name="testng.Testcase1">
        <test-method is-config="true" signature="openApp()[pri:0, instance:testng.Testcase1@17a7f733]" started-at="2022-04-13T07:29:30 IST" name="openApp" finished-at="2022-04-13T07:29:38 IST" duration-ms="8476" status="PASS">
          <reporter-output>
          </reporter-output>
        </test-method> <!-- openApp -->
        <test-method signature="login()[pri:0, instance:testng.Testcase1@17a7f733]" started-at="2022-04-13T07:29:38 IST" name="login" finished-at="2022-04-13T07:29:45 IST" duration-ms="6832" status="PASS">
          <reporter-output>
            <line>
              <![CDATA[Facebook – log in or sign up]]>
            </line>
            <line>
              <![CDATA[https://www.facebook.com/login/?privacy_mutation_token=eyJ0eXBlIjowLCJjcmVhdGlvbl90aW1lIjoxNjQ5ODE1MTc5LCJjYWxsc2l0ZV9pZCI6MzgxMjI5MDc5NTc1OTQ2fQ%3D%3D]]>
            </line>
          </reporter-output>
        </test-method> <!-- login -->
        <test-method is-config="true" signature="closeApp()[pri:0, instance:testng.Testcase1@17a7f733]" started-at="2022-04-13T07:29:45 IST" name="closeApp" finished-at="2022-04-13T07:29:46 IST" duration-ms="868" status="PASS">
          <reporter-output>
          </reporter-output>
        </test-method> <!-- closeApp -->
      </class> <!-- testng.Testcase1 -->
    </test> <!-- Default test -->
  </suite> <!-- Default suite -->
</testng-results>
